Session start at 202311945_21_00_20
20231102 21:00:20 load md_file/test5.md
20231102 21:00:20 append-head # 旅⾏清单
20231102 21:00:20 append-tail ## 欧洲
20231102 21:00:20 insert 2 ## 亚洲
20231102 21:00:20 insert 3 1. 中国
20231102 21:00:20 insert 4 2. ⽇本
20231102 21:00:20 save
20231102 21:00:20 undo
20231102 21:00:20 list-tree
20231102 21:00:20 delete 亚洲
20231102 21:00:20 list-tree
20231102 21:00:20 history 2
20231102 21:00:20 undo
20231102 21:00:20 list-tree
20231102 21:00:20 redo
20231102 21:00:20 list-tree
20231102 21:00:20 redo
20231102 21:00:20 list-tree
20231102 21:00:20 save
md_file/test5.md 0s
